producer_class	xtools.gsea.GseaPreranked
producer_timestamp	1590890274474
param	rpt_label	my_analysis
param	rnd_seed	timestamp
param	set_min	15
param	chip	ftp.broadinstitute.org://pub/gsea/annotations_versioned/Human_Symbol_with_Remapping_MSigDB.v7.1.chip
param	zip_report	false
param	create_svgs	false
param	scoring_scheme	weighted
param	rnk	/Users/xinyejiang/Desktop/dmp.rnk
param	norm	meandiv
param	out	/Users/xinyejiang/gsea_home/output/may30
param	mode	Max_probe
param	include_only_symbols	true
param	help	false
param	set_max	500
param	gmx	ftp.broadinstitute.org://pub/gsea/gene_sets/c2.all.v7.1.symbols.gmt
param	make_sets	true
param	plot_top_x	20
param	gui	false
param	nperm	1000
param	collapse	Remap_Only

file	/Users/xinyejiang/gsea_home/output/may30/my_analysis.GseaPreranked.1590890274474/index.html
